Using pre-set license
Built from '6000.0/staging' branch; Version is '6000.0.37f1 (090b7797214c) revision 592759'; Using compiler version '193933523'; Build Type 'Release'
OS: 'Windows 11  (10.0.22631) 64bit Professional' Language: 'es' Physical Memory: 16068 MB
BatchMode: 1, IsHumanControllingUs: 0, StartBugReporterOnCrash: 0, Is64bit: 1, IsPro: 1

COMMAND LINE ARGUMENTS:
C:\Program Files\Unity\Hub\Editor\6000.0.37f1\Editor\Unity.exe
-adb2
-batchMode
-noUpm
-name
AssetImportWorker5
-projectPath
C:/Users/Dell/Desktop/TheAsylumTFG/TheAsylum
-logFile
Logs/AssetImportWorker5.log
-srvPort
64625
-job-worker-count
5
-background-job-worker-count
8
-gc-helper-count
1
Successfully changed project path to: C:/Users/Dell/Desktop/TheAsylumTFG/TheAsylum
C:/Users/Dell/Desktop/TheAsylumTFG/TheAsylum
[UnityMemory] Configuration Parameters - Can be set up in boot.config
    "memorysetup-bucket-allocator-granularity=16"
    "memorysetup-bucket-allocator-bucket-count=8"
    "memorysetup-bucket-allocator-block-size=33554432"
    "memorysetup-bucket-allocator-block-count=8"
    "memorysetup-main-allocator-block-size=16777216"
    "memorysetup-thread-allocator-block-size=16777216"
    "memorysetup-gfx-main-allocator-block-size=16777216"
    "memorysetup-gfx-thread-allocator-block-size=16777216"
    "memorysetup-cache-allocator-block-size=4194304"
    "memorysetup-typetree-allocator-block-size=2097152"
    "memorysetup-profiler-bucket-allocator-granularity=16"
    "memorysetup-profiler-bucket-allocator-bucket-count=8"
    "memorysetup-profiler-bucket-allocator-block-size=33554432"
    "memorysetup-profiler-bucket-allocator-block-count=8"
    "memorysetup-profiler-allocator-block-size=16777216"
    "memorysetup-profiler-editor-allocator-block-size=1048576"
    "memorysetup-temp-allocator-size-main=16777216"
    "memorysetup-job-temp-allocator-block-size=2097152"
    "memorysetup-job-temp-allocator-block-size-background=1048576"
    "memorysetup-job-temp-allocator-reduction-small-platforms=262144"
    "memorysetup-allocator-temp-initial-block-size-main=262144"
    "memorysetup-allocator-temp-initial-block-size-worker=262144"
    "memorysetup-temp-allocator-size-background-worker=32768"
    "memorysetup-temp-allocator-size-job-worker=262144"
    "memorysetup-temp-allocator-size-preload-manager=33554432"
    "memorysetup-temp-allocator-size-nav-mesh-worker=65536"
    "memorysetup-temp-allocator-size-audio-worker=65536"
    "memorysetup-temp-allocator-size-cloud-worker=32768"
    "memorysetup-temp-allocator-size-gi-baking-worker=262144"
    "memorysetup-temp-allocator-size-gi-baking-worker=262144"
    "memorysetup-temp-allocator-size-gi-baking-worker=262144"
    "memorysetup-temp-allocator-size-gi-baking-worker=262144"
    "memorysetup-temp-allocator-size-gi-baking-worker=262144"
    "memorysetup-temp-allocator-size-gfx=262144"
Player connection [11028]  Target information:

Player connection [11028]  * "[IP] 192.168.50.1 [Port] 0 [Flags] 2 [Guid] 1063894628 [EditorId] 1063894628 [Version] 1048832 [Id] WindowsEditor(7,DESKTOP-A6DDLDV) [Debug] 1 [PackageName] WindowsEditor [ProjectName] Editor" 

Player connection [11028]  * "[IP] 192.168.134.1 [Port] 0 [Flags] 2 [Guid] 1063894628 [EditorId] 1063894628 [Version] 1048832 [Id] WindowsEditor(7,DESKTOP-A6DDLDV) [Debug] 1 [PackageName] WindowsEditor [ProjectName] Editor" 

Player connection [11028]  * "[IP] 192.168.1.66 [Port] 0 [Flags] 2 [Guid] 1063894628 [EditorId] 1063894628 [Version] 1048832 [Id] WindowsEditor(7,DESKTOP-A6DDLDV) [Debug] 1 [PackageName] WindowsEditor [ProjectName] Editor" 

Player connection [11028] Host joined multi-casting on [225.0.0.222:54997]...
Player connection [11028] Host joined alternative multi-casting on [225.0.0.222:34997]...
JobSystem: Creating JobQueue using job-worker-count value 5
Input System module state changed to: Initialized.
[Physics::Module] Initialized fallback backend.
[Physics::Module] Id: 0xdecafbad
Library Redirect Path: Library/
[Physics::Module] Selected backend.
[Physics::Module] Name: PhysX
[Physics::Module] Id: 0xf2b8ea05
[Physics::Module] SDK Version: 4.1.2
[Physics::Module] Integration Version: 1.0.0
[Physics::Module] Threading Mode: Multi-Threaded
Refreshing native plugins compatible for Editor in 12.32 ms, found 6 plugins.
Preloading 0 native plugins for Editor in 0.00 ms.
Initialize engine version: 6000.0.37f1 (090b7797214c)
[Subsystems] Discovering subsystems at path C:/Program Files/Unity/Hub/Editor/6000.0.37f1/Editor/Data/Resources/UnitySubsystems
[Subsystems] Discovering subsystems at path C:/Users/Dell/Desktop/TheAsylumTFG/TheAsylum/Assets
GfxDevice: creating device client; kGfxThreadingModeNonThreaded
Direct3D:
    Version:  Direct3D 11.0 [level 11.1]
    Renderer: Intel(R) UHD Graphics (ID=0xa721)
    Vendor:   Intel
    VRAM:     8034 MB
    Driver:   31.0.101.5382
Initialize mono
Mono path[0] = 'C:/Program Files/Unity/Hub/Editor/6000.0.37f1/Editor/Data/Managed'
Mono path[1] = 'C:/Program Files/Unity/Hub/Editor/6000.0.37f1/Editor/Data/MonoBleedingEdge/lib/mono/unityjit-win32'
Mono config path = 'C:/Program Files/Unity/Hub/Editor/6000.0.37f1/Editor/Data/MonoBleedingEdge/etc'
Using monoOptions --debugger-agent=transport=dt_socket,embedding=1,server=y,suspend=n,address=127.0.0.1:56928
Begin MonoManager ReloadAssembly
Registering precompiled unity dll's ...
Register platform support module: C:/Program Files/Unity/Hub/Editor/6000.0.37f1/Editor/Data/PlaybackEngines/WindowsStandaloneSupport/UnityEditor.WindowsStandalone.Extensions.dll
Registered in 0.002461 seconds.
- Loaded All Assemblies, in  0.551 seconds
Native extension for WindowsStandalone target not found
Mono: successfully reloaded assembly
- Finished resetting the current domain, in  0.646 seconds
Domain Reload Profiling: 1195ms
	BeginReloadAssembly (250ms)
		ExecutionOrderSort (0ms)
		DisableScriptedObjects (0ms)
		BackupInstance (0ms)
		ReleaseScriptingObjects (0ms)
		CreateAndSetChildDomain (3ms)
	RebuildCommonClasses (34ms)
	RebuildNativeTypeToScriptingClass (10ms)
	initialDomainReloadingComplete (53ms)
	LoadAllAssembliesAndSetupDomain (201ms)
		LoadAssemblies (241ms)
		RebuildTransferFunctionScriptingTraits (0ms)
		AnalyzeDomain (194ms)
			TypeCache.Refresh (192ms)
				TypeCache.ScanAssembly (171ms)
			BuildScriptInfoCaches (0ms)
			ResolveRequiredComponents (0ms)
	FinalizeReload (647ms)
		ReleaseScriptCaches (0ms)
		RebuildScriptCaches (0ms)
		SetupLoadedEditorAssemblies (572ms)
			LogAssemblyErrors (0ms)
			InitializePlatformSupportModulesInManaged (45ms)
			SetLoadedEditorAssemblies (11ms)
			BeforeProcessingInitializeOnLoad (102ms)
			ProcessInitializeOnLoadAttributes (316ms)
			ProcessInitializeOnLoadMethodAttributes (97ms)
			AfterProcessingInitializeOnLoad (0ms)
			EditorAssembliesLoaded (0ms)
		ExecutionOrderSort2 (0ms)
		AwakeInstancesAfterBackupRestoration (0ms)
========================================================================
Worker process is ready to serve import requests
Import Worker Mode flag is 0x00
Begin MonoManager ReloadAssembly
Symbol file LoadedFromMemory is not a mono symbol file
- Loaded All Assemblies, in  1.884 seconds
Refreshing native plugins compatible for Editor in 6.65 ms, found 6 plugins.
Native extension for WindowsStandalone target not found
Mono: successfully reloaded assembly
- Finished resetting the current domain, in  1.893 seconds
Domain Reload Profiling: 3771ms
	BeginReloadAssembly (283ms)
		ExecutionOrderSort (0ms)
		DisableScriptedObjects (7ms)
		BackupInstance (0ms)
		ReleaseScriptingObjects (0ms)
		CreateAndSetChildDomain (40ms)
	RebuildCommonClasses (62ms)
	RebuildNativeTypeToScriptingClass (25ms)
	initialDomainReloadingComplete (76ms)
	LoadAllAssembliesAndSetupDomain (1430ms)
		LoadAssemblies (753ms)
		RebuildTransferFunctionScriptingTraits (0ms)
		AnalyzeDomain (872ms)
			TypeCache.Refresh (703ms)
				TypeCache.ScanAssembly (653ms)
			BuildScriptInfoCaches (145ms)
			ResolveRequiredComponents (21ms)
	FinalizeReload (1895ms)
		ReleaseScriptCaches (0ms)
		RebuildScriptCaches (0ms)
		SetupLoadedEditorAssemblies (1454ms)
			LogAssemblyErrors (0ms)
			InitializePlatformSupportModulesInManaged (5ms)
			SetLoadedEditorAssemblies (16ms)
			BeforeProcessingInitializeOnLoad (264ms)
			ProcessInitializeOnLoadAttributes (986ms)
			ProcessInitializeOnLoadMethodAttributes (178ms)
			AfterProcessingInitializeOnLoad (6ms)
			EditorAssembliesLoaded (0ms)
		ExecutionOrderSort2 (0ms)
		AwakeInstancesAfterBackupRestoration (12ms)
Launched and connected shader compiler UnityShaderCompiler.exe after 0.02 seconds
Refreshing native plugins compatible for Editor in 2.80 ms, found 6 plugins.
Preloading 0 native plugins for Editor in 0.00 ms.
Unloading 236 Unused Serialized files (Serialized files now loaded: 0)
Unloading 7254 unused Assets / (3.7 MB). Loaded Objects now: 7971.
Memory consumption went from 179.1 MB to 175.4 MB.
Total: 12.575300 ms (FindLiveObjects: 0.918000 ms CreateObjectMapping: 0.539600 ms MarkObjects: 8.331800 ms  DeleteObjects: 2.783700 ms)

========================================================================
Received Import Request.
  Time since last request: 3202.888712 seconds.
  path: Assets/Abandoned_Asylum/Models/SheetRack.fbx
  artifactKey: Guid(525e42c8aa5e52e4ea137bc78720fcfc) Importer(815301076,1909f56bfc062723c751e8b465ee728b)
Start importing Assets/Abandoned_Asylum/Models/SheetRack.fbx using Guid(525e42c8aa5e52e4ea137bc78720fcfc) Importer(815301076,1909f56bfc062723c751e8b465ee728b) (PreviewImporter) -> (artifact id: '7962bec687842f29fdbc48d3aea3d0fd') in 1.3421162 seconds
Number of updated asset objects reloaded before import = 0Number of asset objects unloaded after import = 90

========================================================================
Received Import Request.
  Time since last request: 0.000062 seconds.
  path: Assets/Abandoned_Asylum/Models/Sofa_Chair.fbx
  artifactKey: Guid(38d5153703957664aa7679493b529e36) Importer(815301076,1909f56bfc062723c751e8b465ee728b)
Start importing Assets/Abandoned_Asylum/Models/Sofa_Chair.fbx using Guid(38d5153703957664aa7679493b529e36) Importer(815301076,1909f56bfc062723c751e8b465ee728b) (PreviewImporter) -> (artifact id: 'b807aac46c64767dcb41783d263c9fe1') in 0.1559091 seconds
Number of updated asset objects reloaded before import = 0Number of asset objects unloaded after import = 12

========================================================================
Received Import Request.
  Time since last request: 0.000066 seconds.
  path: Assets/Photon/PhotonUnityNetworking/Demos/DemoAsteroids/Models/FlyerAsteroidB.fbx
  artifactKey: Guid(757fc9771ce30dc468c775b392518d81) Importer(815301076,1909f56bfc062723c751e8b465ee728b)
Start importing Assets/Photon/PhotonUnityNetworking/Demos/DemoAsteroids/Models/FlyerAsteroidB.fbx using Guid(757fc9771ce30dc468c775b392518d81) Importer(815301076,1909f56bfc062723c751e8b465ee728b) (PreviewImporter) -> (artifact id: 'e1288b37ea957220bcb93f577e2be3aa') in 0.0331054 seconds
Number of updated asset objects reloaded before import = 0Number of asset objects unloaded after import = 8

========================================================================
Received Import Request.
  Time since last request: 0.000047 seconds.
  path: Assets/Abandoned_Asylum/Prefabs/Plate_Broken.prefab
  artifactKey: Guid(045213b78a20cdf45a1e502386562c62) Importer(815301076,1909f56bfc062723c751e8b465ee728b)
Start importing Assets/Abandoned_Asylum/Prefabs/Plate_Broken.prefab using Guid(045213b78a20cdf45a1e502386562c62) Importer(815301076,1909f56bfc062723c751e8b465ee728b) (PreviewImporter) -> (artifact id: '585c90b762f09def7ec94dca08030e12') in 0.0484248 seconds
Number of updated asset objects reloaded before import = 0Number of asset objects unloaded after import = 12

========================================================================
Received Import Request.
  Time since last request: 0.000035 seconds.
  path: Assets/Photon/PhotonUnityNetworking/Demos/DemoSlotRacer/Kenney Assets/Racing Kit/Models/rail.fbx
  artifactKey: Guid(c0c42e3ceebd42943ade3b7414c47afd) Importer(815301076,1909f56bfc062723c751e8b465ee728b)
Start importing Assets/Photon/PhotonUnityNetworking/Demos/DemoSlotRacer/Kenney Assets/Racing Kit/Models/rail.fbx using Guid(c0c42e3ceebd42943ade3b7414c47afd) Importer(815301076,1909f56bfc062723c751e8b465ee728b) (PreviewImporter) -> (artifact id: 'd7d334298a76a93b4d4a04508bde5d3e') in 0.0345034 seconds
Number of updated asset objects reloaded before import = 0Number of asset objects unloaded after import = 8

========================================================================
Received Import Request.
  Time since last request: 0.000057 seconds.
  path: Assets/Abandoned_Asylum/Models/Decals_3.fbx
  artifactKey: Guid(446e1d8cba145434fbe9080a9402b34f) Importer(815301076,1909f56bfc062723c751e8b465ee728b)
Start importing Assets/Abandoned_Asylum/Models/Decals_3.fbx using Guid(446e1d8cba145434fbe9080a9402b34f) Importer(815301076,1909f56bfc062723c751e8b465ee728b) (PreviewImporter) -> (artifact id: 'f398379e26d3722f97982b9f45feda47') in 0.0504397 seconds
Number of updated asset objects reloaded before import = 0Number of asset objects unloaded after import = 9

========================================================================
Received Import Request.
  Time since last request: 0.000094 seconds.
  path: Assets/Abandoned_Asylum/Models/MorgueTable.fbx
  artifactKey: Guid(9aa03e9d326119e4299299e46a91b4cb) Importer(815301076,1909f56bfc062723c751e8b465ee728b)
Start importing Assets/Abandoned_Asylum/Models/MorgueTable.fbx using Guid(9aa03e9d326119e4299299e46a91b4cb) Importer(815301076,1909f56bfc062723c751e8b465ee728b) (PreviewImporter) -> (artifact id: 'f99b277130bbc9de83d660d9e2b87517') in 0.1376293 seconds
Number of updated asset objects reloaded before import = 0Number of asset objects unloaded after import = 12

========================================================================
Received Import Request.
  Time since last request: 0.000056 seconds.
  path: Assets/Abandoned_Asylum/Models/FilmProjector.fbx
  artifactKey: Guid(0b7c8694d193b4d42a96ab5530848efe) Importer(815301076,1909f56bfc062723c751e8b465ee728b)
Start importing Assets/Abandoned_Asylum/Models/FilmProjector.fbx using Guid(0b7c8694d193b4d42a96ab5530848efe) Importer(815301076,1909f56bfc062723c751e8b465ee728b) (PreviewImporter) -> (artifact id: '791eedca08540528d36755f39eb45403') in 0.1355879 seconds
Number of updated asset objects reloaded before import = 0Number of asset objects unloaded after import = 12

========================================================================
Received Import Request.
  Time since last request: 0.000044 seconds.
  path: Assets/Abandoned_Asylum/Prefabs/Carpet.prefab
  artifactKey: Guid(b9f6e7b74ed89574598f26acba3afa74) Importer(815301076,1909f56bfc062723c751e8b465ee728b)
Start importing Assets/Abandoned_Asylum/Prefabs/Carpet.prefab using Guid(b9f6e7b74ed89574598f26acba3afa74) Importer(815301076,1909f56bfc062723c751e8b465ee728b) (PreviewImporter) -> (artifact id: 'b410549f85e88eac600030fc46d3bc29') in 0.1327486 seconds
Number of updated asset objects reloaded before import = 0Number of asset objects unloaded after import = 12

========================================================================
Received Import Request.
  Time since last request: 0.000069 seconds.
  path: Assets/Abandoned_Asylum/Prefabs/Pillow.prefab
  artifactKey: Guid(ad2e00a29b893684badcf4a95835b385) Importer(815301076,1909f56bfc062723c751e8b465ee728b)
Start importing Assets/Abandoned_Asylum/Prefabs/Pillow.prefab using Guid(ad2e00a29b893684badcf4a95835b385) Importer(815301076,1909f56bfc062723c751e8b465ee728b) (PreviewImporter) -> (artifact id: '6009eb53549c616b1dde8bbca8ae71ff') in 0.0657618 seconds
Number of updated asset objects reloaded before import = 0Number of asset objects unloaded after import = 12

========================================================================
Received Import Request.
  Time since last request: 0.000055 seconds.
  path: Assets/Photon/PhotonUnityNetworking/Demos/DemoSlotRacer/Prefabs/SlotCar_C.prefab
  artifactKey: Guid(1fd2963e35ed24ba89705127fca0fba1) Importer(815301076,1909f56bfc062723c751e8b465ee728b)
Start importing Assets/Photon/PhotonUnityNetworking/Demos/DemoSlotRacer/Prefabs/SlotCar_C.prefab using Guid(1fd2963e35ed24ba89705127fca0fba1) Importer(815301076,1909f56bfc062723c751e8b465ee728b) (PreviewImporter) -> (artifact id: '694899c5a408312663dc892b372a62d9') in 0.0333095 seconds
Number of updated asset objects reloaded before import = 0Number of asset objects unloaded after import = 79

========================================================================
Received Import Request.
  Time since last request: 0.000039 seconds.
  path: Assets/Abandoned_Asylum/Models/Cupboard.fbx
  artifactKey: Guid(ae1057f934c75a249ae1a6462f310568) Importer(815301076,1909f56bfc062723c751e8b465ee728b)
Start importing Assets/Abandoned_Asylum/Models/Cupboard.fbx using Guid(ae1057f934c75a249ae1a6462f310568) Importer(815301076,1909f56bfc062723c751e8b465ee728b) (PreviewImporter) -> (artifact id: '2815e310b89bdd932a2f22be5fc8f4ee') in 0.3262593 seconds
Number of updated asset objects reloaded before import = 0Number of asset objects unloaded after import = 42

========================================================================
Received Import Request.
  Time since last request: 0.000073 seconds.
  path: Assets/Abandoned_Asylum/Prefabs/NeonLamp.prefab
  artifactKey: Guid(d5743fce9ffff6b448f179393bc9d6a2) Importer(815301076,1909f56bfc062723c751e8b465ee728b)
Start importing Assets/Abandoned_Asylum/Prefabs/NeonLamp.prefab using Guid(d5743fce9ffff6b448f179393bc9d6a2) Importer(815301076,1909f56bfc062723c751e8b465ee728b) (PreviewImporter) -> (artifact id: '6476aab6bf894cb5d2902f5d0d543754') in 0.0996018 seconds
Number of updated asset objects reloaded before import = 0Number of asset objects unloaded after import = 15

========================================================================
Received Import Request.
  Time since last request: 0.000041 seconds.
  path: Assets/Abandoned_Asylum/Models/BigBoiler.fbx
  artifactKey: Guid(f5f735f9a886a0b439d2600216f4c7b8) Importer(815301076,1909f56bfc062723c751e8b465ee728b)
Start importing Assets/Abandoned_Asylum/Models/BigBoiler.fbx using Guid(f5f735f9a886a0b439d2600216f4c7b8) Importer(815301076,1909f56bfc062723c751e8b465ee728b) (PreviewImporter) -> (artifact id: 'ff6d70ee5fd0d105d5367032154eddd1') in 0.0737396 seconds
Number of updated asset objects reloaded before import = 0Number of asset objects unloaded after import = 12

========================================================================
Received Import Request.
  Time since last request: 0.000041 seconds.
  path: Assets/Abandoned_Asylum/Models/Bathroom_Shower.fbx
  artifactKey: Guid(e319fe3539cef824a957717ee5b3d6bf) Importer(815301076,1909f56bfc062723c751e8b465ee728b)
Start importing Assets/Abandoned_Asylum/Models/Bathroom_Shower.fbx using Guid(e319fe3539cef824a957717ee5b3d6bf) Importer(815301076,1909f56bfc062723c751e8b465ee728b) (PreviewImporter) -> (artifact id: 'e6f5fb933a316f4469ff9dae69aff780') in 0.3172893 seconds
Number of updated asset objects reloaded before import = 0Number of asset objects unloaded after import = 12

========================================================================
Received Import Request.
  Time since last request: 0.000072 seconds.
  path: Assets/Abandoned_Asylum/Prefabs/Sink_V1.prefab
  artifactKey: Guid(30577724fca9edb43bab2188e72a1cc1) Importer(815301076,1909f56bfc062723c751e8b465ee728b)
Start importing Assets/Abandoned_Asylum/Prefabs/Sink_V1.prefab using Guid(30577724fca9edb43bab2188e72a1cc1) Importer(815301076,1909f56bfc062723c751e8b465ee728b) (PreviewImporter) -> (artifact id: 'f2c567c7327ba74c20e8bf879e59952e') in 0.1010345 seconds
Number of updated asset objects reloaded before import = 0Number of asset objects unloaded after import = 12

========================================================================
Received Import Request.
  Time since last request: 0.000064 seconds.
  path: Assets/Abandoned_Asylum/Models/SmallMetalicCase.fbx
  artifactKey: Guid(57dda4a4650bc9c4fb20a93184dcad3d) Importer(815301076,1909f56bfc062723c751e8b465ee728b)
Start importing Assets/Abandoned_Asylum/Models/SmallMetalicCase.fbx using Guid(57dda4a4650bc9c4fb20a93184dcad3d) Importer(815301076,1909f56bfc062723c751e8b465ee728b) (PreviewImporter) -> (artifact id: 'fd9490a85d5732bf6b292ad29c2a97eb') in 0.1352277 seconds
Number of updated asset objects reloaded before import = 0Number of asset objects unloaded after import = 12

========================================================================
Received Import Request.
  Time since last request: 0.000068 seconds.
  path: Assets/Abandoned_Asylum/Prefabs/Board.prefab
  artifactKey: Guid(de29bac6b529e1746ab58baa5e1b8910) Importer(815301076,1909f56bfc062723c751e8b465ee728b)
Start importing Assets/Abandoned_Asylum/Prefabs/Board.prefab using Guid(de29bac6b529e1746ab58baa5e1b8910) Importer(815301076,1909f56bfc062723c751e8b465ee728b) (PreviewImporter) -> (artifact id: '3de21ae4b932d4a2c5d32015182e886a') in 0.0949226 seconds
Number of updated asset objects reloaded before import = 0Number of asset objects unloaded after import = 12

========================================================================
Received Import Request.
  Time since last request: 0.000167 seconds.
  path: Assets/Abandoned_Asylum/Prefabs/LampWall.prefab
  artifactKey: Guid(958521058a9c74341bcc8323137f68b1) Importer(815301076,1909f56bfc062723c751e8b465ee728b)
Start importing Assets/Abandoned_Asylum/Prefabs/LampWall.prefab using Guid(958521058a9c74341bcc8323137f68b1) Importer(815301076,1909f56bfc062723c751e8b465ee728b) (PreviewImporter) -> (artifact id: '1d10f134c500a7896ace2759561e3599') in 0.0681513 seconds
Number of updated asset objects reloaded before import = 0Number of asset objects unloaded after import = 14

========================================================================
Received Import Request.
  Time since last request: 0.000075 seconds.
  path: Assets/Abandoned_Asylum/Models/Door_V1.fbx
  artifactKey: Guid(30a37ce794ca1c94192e4d8721b12940) Importer(815301076,1909f56bfc062723c751e8b465ee728b)
Start importing Assets/Abandoned_Asylum/Models/Door_V1.fbx using Guid(30a37ce794ca1c94192e4d8721b12940) Importer(815301076,1909f56bfc062723c751e8b465ee728b) (PreviewImporter) -> (artifact id: 'ae2d8de12d5733809281a6e41b14454e') in 0.2076452 seconds
Number of updated asset objects reloaded before import = 0Number of asset objects unloaded after import = 24

========================================================================
Received Import Request.
  Time since last request: 0.000078 seconds.
  path: Assets/Abandoned_Asylum/Prefabs/Keyboard.prefab
  artifactKey: Guid(96b4a46c7ba09594e9c13c4006944a9a) Importer(815301076,1909f56bfc062723c751e8b465ee728b)
Start importing Assets/Abandoned_Asylum/Prefabs/Keyboard.prefab using Guid(96b4a46c7ba09594e9c13c4006944a9a) Importer(815301076,1909f56bfc062723c751e8b465ee728b) (PreviewImporter) -> (artifact id: 'f5094499ce73656423d1406c54f1b4f6') in 0.0644442 seconds
Number of updated asset objects reloaded before import = 0Number of asset objects unloaded after import = 11

========================================================================
Received Import Request.
  Time since last request: 0.000051 seconds.
  path: Assets/Photon/PhotonUnityNetworking/Demos/DemoAsteroids/Models/LaserBolt.fbx
  artifactKey: Guid(efbb13993d8043d4ba5c752ed4b1a2bc) Importer(815301076,1909f56bfc062723c751e8b465ee728b)
Start importing Assets/Photon/PhotonUnityNetworking/Demos/DemoAsteroids/Models/LaserBolt.fbx using Guid(efbb13993d8043d4ba5c752ed4b1a2bc) Importer(815301076,1909f56bfc062723c751e8b465ee728b) (PreviewImporter) -> (artifact id: '107324611d2d0efc220a1522f5d77bef') in 0.0400383 seconds
Number of updated asset objects reloaded before import = 0Number of asset objects unloaded after import = 8

========================================================================
Received Import Request.
  Time since last request: 0.000051 seconds.
  path: Assets/Abandoned_Asylum/Prefabs/ChairWhite.prefab
  artifactKey: Guid(7867de6c5cb26a746bd4ffae43c821f9) Importer(815301076,1909f56bfc062723c751e8b465ee728b)
Start importing Assets/Abandoned_Asylum/Prefabs/ChairWhite.prefab using Guid(7867de6c5cb26a746bd4ffae43c821f9) Importer(815301076,1909f56bfc062723c751e8b465ee728b) (PreviewImporter) -> (artifact id: '31daea715e9bb23278a4c3b1294f8f5b') in 0.1291605 seconds
Number of updated asset objects reloaded before import = 0Number of asset objects unloaded after import = 12

========================================================================
Received Import Request.
  Time since last request: 0.000174 seconds.
  path: Assets/Abandoned_Asylum/Prefabs/ChairLeather.prefab
  artifactKey: Guid(e088750ece8e53b4187bc47462612e71) Importer(815301076,1909f56bfc062723c751e8b465ee728b)
Start importing Assets/Abandoned_Asylum/Prefabs/ChairLeather.prefab using Guid(e088750ece8e53b4187bc47462612e71) Importer(815301076,1909f56bfc062723c751e8b465ee728b) (PreviewImporter) -> (artifact id: 'a3f0c2b3fd40a4df3f84b767713191ed') in 0.1688253 seconds
Number of updated asset objects reloaded before import = 0Number of asset objects unloaded after import = 12

========================================================================
Received Import Request.
  Time since last request: 0.000109 seconds.
  path: Assets/InvantorySystem/Resources/InvantoryPrefabs/Key.fbx
  artifactKey: Guid(6f861a5f3e542c94a80038eab2cb83d1) Importer(815301076,1909f56bfc062723c751e8b465ee728b)
Start importing Assets/InvantorySystem/Resources/InvantoryPrefabs/Key.fbx using Guid(6f861a5f3e542c94a80038eab2cb83d1) Importer(815301076,1909f56bfc062723c751e8b465ee728b) (PreviewImporter) -> (artifact id: 'd1a192048b377724a975706e94e02409') in 0.1972727 seconds
Number of updated asset objects reloaded before import = 0Number of asset objects unloaded after import = 8

========================================================================
Received Import Request.
  Time since last request: 0.000131 seconds.
  path: Assets/Photon/PhotonUnityNetworking/Demos/DemoSlotRacer/Kenney Assets/Racing Kit/Models/billboardLower.fbx
  artifactKey: Guid(271d69ba92e5ec94eaa3779f0ea4ce47) Importer(815301076,1909f56bfc062723c751e8b465ee728b)
Start importing Assets/Photon/PhotonUnityNetworking/Demos/DemoSlotRacer/Kenney Assets/Racing Kit/Models/billboardLower.fbx using Guid(271d69ba92e5ec94eaa3779f0ea4ce47) Importer(815301076,1909f56bfc062723c751e8b465ee728b) (PreviewImporter) -> (artifact id: '22323ef954c974abeacdafbe4b4f1c3c') in 0.0786183 seconds
Number of updated asset objects reloaded before import = 0Number of asset objects unloaded after import = 13

========================================================================
Received Import Request.
  Time since last request: 0.000122 seconds.
  path: Assets/Abandoned_Asylum/Models/Sink.fbx
  artifactKey: Guid(a9de49b379b5211459f7cd895a89bbb8) Importer(815301076,1909f56bfc062723c751e8b465ee728b)
Start importing Assets/Abandoned_Asylum/Models/Sink.fbx using Guid(a9de49b379b5211459f7cd895a89bbb8) Importer(815301076,1909f56bfc062723c751e8b465ee728b) (PreviewImporter) -> (artifact id: 'e38b130f294bdcc9b5a99d8b184b6509') in 0.1228576 seconds
Number of updated asset objects reloaded before import = 0Number of asset objects unloaded after import = 12

========================================================================
Received Import Request.
  Time since last request: 0.000054 seconds.
  path: Assets/Abandoned_Asylum/Prefabs/Box_V1.prefab
  artifactKey: Guid(d341242b19623a54db856bc69eabaf60) Importer(815301076,1909f56bfc062723c751e8b465ee728b)
Start importing Assets/Abandoned_Asylum/Prefabs/Box_V1.prefab using Guid(d341242b19623a54db856bc69eabaf60) Importer(815301076,1909f56bfc062723c751e8b465ee728b) (PreviewImporter) -> (artifact id: '2f28d894c6f2433cdf2541efd1582579') in 0.1172908 seconds
Number of updated asset objects reloaded before import = 0Number of asset objects unloaded after import = 12

========================================================================
Received Import Request.
  Time since last request: 0.000049 seconds.
  path: Assets/Photon/PhotonUnityNetworking/Demos/Shared Assets/Prefabs/PointerPrefab.prefab
  artifactKey: Guid(9c6977a9ecda14e4e96ea3a71c749c2c) Importer(815301076,1909f56bfc062723c751e8b465ee728b)
Start importing Assets/Photon/PhotonUnityNetworking/Demos/Shared Assets/Prefabs/PointerPrefab.prefab using Guid(9c6977a9ecda14e4e96ea3a71c749c2c) Importer(815301076,1909f56bfc062723c751e8b465ee728b) (PreviewImporter) -> (artifact id: '4c5b5022932597d49359532a5927aff5') in 7.8464816 seconds
Number of updated asset objects reloaded before import = 0Number of asset objects unloaded after import = 10

========================================================================
Received Import Request.
  Time since last request: 0.000108 seconds.
  path: Assets/Abandoned_Asylum/Models/Plate_Broken.fbx
  artifactKey: Guid(6528710eddcf58e4492dc9c27c1c1082) Importer(815301076,1909f56bfc062723c751e8b465ee728b)
Start importing Assets/Abandoned_Asylum/Models/Plate_Broken.fbx using Guid(6528710eddcf58e4492dc9c27c1c1082) Importer(815301076,1909f56bfc062723c751e8b465ee728b) (PreviewImporter) -> (artifact id: '149ed537d266798f20b4ace8fb6af4fc') in 0.0670178 seconds
Number of updated asset objects reloaded before import = 0Number of asset objects unloaded after import = 12

========================================================================
Received Import Request.
  Time since last request: 0.000116 seconds.
  path: Assets/Abandoned_Asylum/Prefabs/Table_Bed.prefab
  artifactKey: Guid(853ccd37519f26949b14b1767fb5c319) Importer(815301076,1909f56bfc062723c751e8b465ee728b)
Start importing Assets/Abandoned_Asylum/Prefabs/Table_Bed.prefab using Guid(853ccd37519f26949b14b1767fb5c319) Importer(815301076,1909f56bfc062723c751e8b465ee728b) (PreviewImporter) -> (artifact id: '05997a4edd6c628bc0be96f9ab3b5c26') in 0.1163344 seconds
Number of updated asset objects reloaded before import = 0Number of asset objects unloaded after import = 12

========================================================================
Received Import Request.
  Time since last request: 0.000045 seconds.
  path: Assets/Photon/PhotonUnityNetworking/Demos/DemoSlotRacer/Kenney Assets/Racing Kit/Models/roadCornerSmallBorder.fbx
  artifactKey: Guid(f34457aefb5bca94fa9fb35aa61fb3e7) Importer(815301076,1909f56bfc062723c751e8b465ee728b)
Start importing Assets/Photon/PhotonUnityNetworking/Demos/DemoSlotRacer/Kenney Assets/Racing Kit/Models/roadCornerSmallBorder.fbx using Guid(f34457aefb5bca94fa9fb35aa61fb3e7) Importer(815301076,1909f56bfc062723c751e8b465ee728b) (PreviewImporter) -> (artifact id: 'f3d32fa8d4d25f4a697a86b00b1b3e06') in 0.0377469 seconds
Number of updated asset objects reloaded before import = 0Number of asset objects unloaded after import = 9

========================================================================
Received Import Request.
  Time since last request: 0.000080 seconds.
  path: Assets/Abandoned_Asylum/Prefabs/MorgueWheelBed.prefab
  artifactKey: Guid(e17057c699b73604c9d45df68ce8610e) Importer(815301076,1909f56bfc062723c751e8b465ee728b)
Start importing Assets/Abandoned_Asylum/Prefabs/MorgueWheelBed.prefab using Guid(e17057c699b73604c9d45df68ce8610e) Importer(815301076,1909f56bfc062723c751e8b465ee728b) (PreviewImporter) -> (artifact id: '7623055076e6552c3b78c10c696d2018') in 0.0931059 seconds
Number of updated asset objects reloaded before import = 0Number of asset objects unloaded after import = 12

========================================================================
Received Import Request.
  Time since last request: 0.000166 seconds.
  path: Assets/Abandoned_Asylum/Models/ChairLeather.fbx
  artifactKey: Guid(f22ee7c6c780e624aabb2458639b2551) Importer(815301076,1909f56bfc062723c751e8b465ee728b)
Start importing Assets/Abandoned_Asylum/Models/ChairLeather.fbx using Guid(f22ee7c6c780e624aabb2458639b2551) Importer(815301076,1909f56bfc062723c751e8b465ee728b) (PreviewImporter) -> (artifact id: '5a051148f310020eafa1f1e6364401d6') in 0.132103 seconds
Number of updated asset objects reloaded before import = 0Number of asset objects unloaded after import = 12

========================================================================
Received Import Request.
  Time since last request: 0.000069 seconds.
  path: Assets/Abandoned_Asylum/Prefabs/TableSmall.prefab
  artifactKey: Guid(a3da3ed569df76c4381259888f36065e) Importer(815301076,1909f56bfc062723c751e8b465ee728b)
Start importing Assets/Abandoned_Asylum/Prefabs/TableSmall.prefab using Guid(a3da3ed569df76c4381259888f36065e) Importer(815301076,1909f56bfc062723c751e8b465ee728b) (PreviewImporter) -> (artifact id: '66035e19b715a8706a2b2d79be27843e') in 0.1056654 seconds
Number of updated asset objects reloaded before import = 0Number of asset objects unloaded after import = 12

========================================================================
Received Import Request.
  Time since last request: 0.000143 seconds.
  path: Assets/Abandoned_Asylum/Models/Crutches.fbx
  artifactKey: Guid(ce49dfa45a2393c4dada229d22e6ea88) Importer(815301076,1909f56bfc062723c751e8b465ee728b)
Start importing Assets/Abandoned_Asylum/Models/Crutches.fbx using Guid(ce49dfa45a2393c4dada229d22e6ea88) Importer(815301076,1909f56bfc062723c751e8b465ee728b) (PreviewImporter) -> (artifact id: '577219aadc20d8c4ca6d955ab44337d1') in 0.1745825 seconds
Number of updated asset objects reloaded before import = 0Number of asset objects unloaded after import = 12

========================================================================
Received Import Request.
  Time since last request: 0.000062 seconds.
  path: Assets/Abandoned_Asylum/Models/DecalPillar.fbx
  artifactKey: Guid(a31541bdfa8489b4588a09ed0d9ac506) Importer(815301076,1909f56bfc062723c751e8b465ee728b)
Start importing Assets/Abandoned_Asylum/Models/DecalPillar.fbx using Guid(a31541bdfa8489b4588a09ed0d9ac506) Importer(815301076,1909f56bfc062723c751e8b465ee728b) (PreviewImporter) -> (artifact id: 'e6d610cadfa33d374228551b87c50889') in 0.0470793 seconds
Number of updated asset objects reloaded before import = 0Number of asset objects unloaded after import = 9

========================================================================
Received Import Request.
  Time since last request: 0.000132 seconds.
  path: Assets/Photon/PhotonUnityNetworking/Demos/PunBasics-Tutorial/Resources/My Robot Kyle -done-.prefab
  artifactKey: Guid(fe764102aa5aa431795da15fa2dec0e2) Importer(815301076,1909f56bfc062723c751e8b465ee728b)
Start importing Assets/Photon/PhotonUnityNetworking/Demos/PunBasics-Tutorial/Resources/My Robot Kyle -done-.prefab using Guid(fe764102aa5aa431795da15fa2dec0e2) Importer(815301076,1909f56bfc062723c751e8b465ee728b) (PreviewImporter) -> (artifact id: '9e09f750d08d44105e6b45aacc316183') in 0.3412577 seconds
Number of updated asset objects reloaded before import = 0Number of asset objects unloaded after import = 174

========================================================================
Received Import Request.
  Time since last request: 0.000082 seconds.
  path: Assets/Abandoned_Asylum/Models/Mug.fbx
  artifactKey: Guid(11d5a43bddd6b9b439b31db95a45a8b7) Importer(815301076,1909f56bfc062723c751e8b465ee728b)
Start importing Assets/Abandoned_Asylum/Models/Mug.fbx using Guid(11d5a43bddd6b9b439b31db95a45a8b7) Importer(815301076,1909f56bfc062723c751e8b465ee728b) (PreviewImporter) -> (artifact id: 'b4b412fed4d0cd1c792459f64560069d') in 0.0673607 seconds
Number of updated asset objects reloaded before import = 0Number of asset objects unloaded after import = 12

========================================================================
Received Import Request.
  Time since last request: 0.000078 seconds.
  path: Assets/Photon/PhotonUnityNetworking/Demos/DemoAsteroids/Models/Asteroid01.fbx
  artifactKey: Guid(401fae203bae0ee428e401e7f9af9be8) Importer(815301076,1909f56bfc062723c751e8b465ee728b)
Start importing Assets/Photon/PhotonUnityNetworking/Demos/DemoAsteroids/Models/Asteroid01.fbx using Guid(401fae203bae0ee428e401e7f9af9be8) Importer(815301076,1909f56bfc062723c751e8b465ee728b) (PreviewImporter) -> (artifact id: '10d54cebd1b2aa17e6955a13a1690d81') in 0.133371 seconds
Number of updated asset objects reloaded before import = 0Number of asset objects unloaded after import = 8

========================================================================
Received Import Request.
  Time since last request: 0.000089 seconds.
  path: Assets/Abandoned_Asylum/Prefabs/CupboardLight_Broken.prefab
  artifactKey: Guid(801ce3aca23566847b0f6bb6119013ec) Importer(815301076,1909f56bfc062723c751e8b465ee728b)
Start importing Assets/Abandoned_Asylum/Prefabs/CupboardLight_Broken.prefab using Guid(801ce3aca23566847b0f6bb6119013ec) Importer(815301076,1909f56bfc062723c751e8b465ee728b) (PreviewImporter) -> (artifact id: '01b306cc978d7a89dcee2593c006212f') in 0.1030584 seconds
Number of updated asset objects reloaded before import = 0Number of asset objects unloaded after import = 12

========================================================================
Received Import Request.
  Time since last request: 0.000049 seconds.
  path: Assets/Abandoned_Asylum/Models/Decals_1.fbx
  artifactKey: Guid(d2a17ae04e15d7e48842bdb68fc27339) Importer(815301076,1909f56bfc062723c751e8b465ee728b)
Start importing Assets/Abandoned_Asylum/Models/Decals_1.fbx using Guid(d2a17ae04e15d7e48842bdb68fc27339) Importer(815301076,1909f56bfc062723c751e8b465ee728b) (PreviewImporter) -> (artifact id: 'fc7e4cc08777a1aaf8b19a7218c04c45') in 0.0522672 seconds
Number of updated asset objects reloaded before import = 0Number of asset objects unloaded after import = 9

========================================================================
Received Import Request.
  Time since last request: 0.000120 seconds.
  path: Assets/Abandoned_Asylum/Models/Decals_2.fbx
  artifactKey: Guid(d08b6b0796d52484197c18ae16199ae3) Importer(815301076,1909f56bfc062723c751e8b465ee728b)
Start importing Assets/Abandoned_Asylum/Models/Decals_2.fbx using Guid(d08b6b0796d52484197c18ae16199ae3) Importer(815301076,1909f56bfc062723c751e8b465ee728b) (PreviewImporter) -> (artifact id: 'b1639c836d1234cca18ca7bb0fa96e05') in 0.0465816 seconds
Number of updated asset objects reloaded before import = 0Number of asset objects unloaded after import = 9

========================================================================
Received Import Request.
  Time since last request: 0.000081 seconds.
  path: Assets/Abandoned_Asylum/Prefabs/Bath.prefab
  artifactKey: Guid(306b28a0b192dc6469686df4b6c4340d) Importer(815301076,1909f56bfc062723c751e8b465ee728b)
Start importing Assets/Abandoned_Asylum/Prefabs/Bath.prefab using Guid(306b28a0b192dc6469686df4b6c4340d) Importer(815301076,1909f56bfc062723c751e8b465ee728b) (PreviewImporter) -> (artifact id: 'a19e504ea60848aae62d0df7c2839b8f') in 0.1036068 seconds
Number of updated asset objects reloaded before import = 0Number of asset objects unloaded after import = 12

========================================================================
Received Import Request.
  Time since last request: 0.000088 seconds.
  path: Assets/Abandoned_Asylum/Models/Pillow.fbx
  artifactKey: Guid(4b97ed26bdc498444becc4ce7bc69eaf) Importer(815301076,1909f56bfc062723c751e8b465ee728b)
Start importing Assets/Abandoned_Asylum/Models/Pillow.fbx using Guid(4b97ed26bdc498444becc4ce7bc69eaf) Importer(815301076,1909f56bfc062723c751e8b465ee728b) (PreviewImporter) -> (artifact id: '7045ab2ec0289b44dc7fead0290e8ca8') in 0.0860656 seconds
Number of updated asset objects reloaded before import = 0Number of asset objects unloaded after import = 12

========================================================================
Received Import Request.
  Time since last request: 0.000131 seconds.
  path: Assets/Abandoned_Asylum/Prefabs/CupboardLight.prefab
  artifactKey: Guid(285481860f04d3648a939f684d9f5ff5) Importer(815301076,1909f56bfc062723c751e8b465ee728b)
Start importing Assets/Abandoned_Asylum/Prefabs/CupboardLight.prefab using Guid(285481860f04d3648a939f684d9f5ff5) Importer(815301076,1909f56bfc062723c751e8b465ee728b) (PreviewImporter) -> (artifact id: '302ac8020b785210d69820b91a494af2') in 0.0832446 seconds
Number of updated asset objects reloaded before import = 0Number of asset objects unloaded after import = 12

========================================================================
Received Import Request.
  Time since last request: 0.000097 seconds.
  path: Assets/Abandoned_Asylum/Models/BedFeather.fbx
  artifactKey: Guid(c34614dcc7cd0b74aa8ac86d76187347) Importer(815301076,1909f56bfc062723c751e8b465ee728b)
Start importing Assets/Abandoned_Asylum/Models/BedFeather.fbx using Guid(c34614dcc7cd0b74aa8ac86d76187347) Importer(815301076,1909f56bfc062723c751e8b465ee728b) (PreviewImporter) -> (artifact id: '14638c19e1d2ce3ef0e16f233a35a118') in 0.0720527 seconds
Number of updated asset objects reloaded before import = 0Number of asset objects unloaded after import = 12

========================================================================
Received Import Request.
  Time since last request: 0.000201 seconds.
  path: Assets/Abandoned_Asylum/Prefabs/Box_V2.prefab
  artifactKey: Guid(140cc98f01ed4344a89a50d8f1db3049) Importer(815301076,1909f56bfc062723c751e8b465ee728b)
Start importing Assets/Abandoned_Asylum/Prefabs/Box_V2.prefab using Guid(140cc98f01ed4344a89a50d8f1db3049) Importer(815301076,1909f56bfc062723c751e8b465ee728b) (PreviewImporter) -> (artifact id: 'c2421283a25eb1239ab4891f29eb394f') in 0.1214339 seconds
Number of updated asset objects reloaded before import = 0Number of asset objects unloaded after import = 12

========================================================================
Received Import Request.
  Time since last request: 0.000079 seconds.
  path: Assets/Abandoned_Asylum/Models/Elevator_Door.fbx
  artifactKey: Guid(63054fdc7b5db8543990f13ecdc3bf24) Importer(815301076,1909f56bfc062723c751e8b465ee728b)
Start importing Assets/Abandoned_Asylum/Models/Elevator_Door.fbx using Guid(63054fdc7b5db8543990f13ecdc3bf24) Importer(815301076,1909f56bfc062723c751e8b465ee728b) (PreviewImporter) -> (artifact id: '9413a166c0dc415d86da85e323df6a2f') in 0.1018087 seconds
Number of updated asset objects reloaded before import = 0Number of asset objects unloaded after import = 12

========================================================================
Received Import Request.
  Time since last request: 0.000068 seconds.
  path: Assets/Photon/PhotonUnityNetworking/Demos/DemoSlotRacer/Kenney Assets/Racing Kit/Models/roadStartPositions.fbx
  artifactKey: Guid(f5a5b74b30add9048911cae29679bbce) Importer(815301076,1909f56bfc062723c751e8b465ee728b)
Start importing Assets/Photon/PhotonUnityNetworking/Demos/DemoSlotRacer/Kenney Assets/Racing Kit/Models/roadStartPositions.fbx using Guid(f5a5b74b30add9048911cae29679bbce) Importer(815301076,1909f56bfc062723c751e8b465ee728b) (PreviewImporter) -> (artifact id: 'e8da722b72126d38747bf6adc21ae892') in 0.0390884 seconds
Number of updated asset objects reloaded before import = 0Number of asset objects unloaded after import = 10

========================================================================
Received Import Request.
  Time since last request: 0.000140 seconds.
  path: Assets/Abandoned_Asylum/Models/Suspension.fbx
  artifactKey: Guid(95c3353e0b2289543a13c26a47b66196) Importer(815301076,1909f56bfc062723c751e8b465ee728b)
Start importing Assets/Abandoned_Asylum/Models/Suspension.fbx using Guid(95c3353e0b2289543a13c26a47b66196) Importer(815301076,1909f56bfc062723c751e8b465ee728b) (PreviewImporter) -> (artifact id: 'c91df184633a463e36c6525283dc16a6') in 0.1112606 seconds
Number of updated asset objects reloaded before import = 0Number of asset objects unloaded after import = 11

========================================================================
Received Import Request.
  Time since last request: 0.000068 seconds.
  path: Assets/Photon/PhotonUnityNetworking/Demos/DemoSlotRacer/Kenney Assets/Racing Kit/Models/roadCornerSmall.fbx
  artifactKey: Guid(d873a0d61ff3aa941be0eb85cb9271ef) Importer(815301076,1909f56bfc062723c751e8b465ee728b)
Start importing Assets/Photon/PhotonUnityNetworking/Demos/DemoSlotRacer/Kenney Assets/Racing Kit/Models/roadCornerSmall.fbx using Guid(d873a0d61ff3aa941be0eb85cb9271ef) Importer(815301076,1909f56bfc062723c751e8b465ee728b) (PreviewImporter) -> (artifact id: '914f61a409fb291782295559a5707e69') in 0.0469339 seconds
Number of updated asset objects reloaded before import = 0Number of asset objects unloaded after import = 10

========================================================================
Received Import Request.
  Time since last request: 0.000047 seconds.
  path: Assets/Abandoned_Asylum/Models/Chandelier.fbx
  artifactKey: Guid(72896ae3f0eccb64ca638b74db49c82e) Importer(815301076,1909f56bfc062723c751e8b465ee728b)
Start importing Assets/Abandoned_Asylum/Models/Chandelier.fbx using Guid(72896ae3f0eccb64ca638b74db49c82e) Importer(815301076,1909f56bfc062723c751e8b465ee728b) (PreviewImporter) -> (artifact id: '7670531762260c5fd2eb3d71979222f7') in 0.1295954 seconds
Number of updated asset objects reloaded before import = 0Number of asset objects unloaded after import = 13

========================================================================
Received Import Request.
  Time since last request: 0.000099 seconds.
  path: Assets/Abandoned_Asylum/Models/SingleLight.fbx
  artifactKey: Guid(f61ffdd53cab98e4eae2b5eb6a1d1450) Importer(815301076,1909f56bfc062723c751e8b465ee728b)
Start importing Assets/Abandoned_Asylum/Models/SingleLight.fbx using Guid(f61ffdd53cab98e4eae2b5eb6a1d1450) Importer(815301076,1909f56bfc062723c751e8b465ee728b) (PreviewImporter) -> (artifact id: 'e3ed2b9db56a26f8a55a5cf432219eca') in 0.0882596 seconds
Number of updated asset objects reloaded before import = 0Number of asset objects unloaded after import = 13

========================================================================
Received Import Request.
  Time since last request: 0.000056 seconds.
  path: Assets/Abandoned_Asylum/Prefabs/Statue.prefab
  artifactKey: Guid(4e12d279753093a40a6c88deea619dfe) Importer(815301076,1909f56bfc062723c751e8b465ee728b)
Start importing Assets/Abandoned_Asylum/Prefabs/Statue.prefab using Guid(4e12d279753093a40a6c88deea619dfe) Importer(815301076,1909f56bfc062723c751e8b465ee728b) (PreviewImporter) -> (artifact id: 'df82bbe4bf4d90c09b2e522f66f71c4c') in 0.0871418 seconds
Number of updated asset objects reloaded before import = 0Number of asset objects unloaded after import = 12

Editor requested this worker to shutdown with reason: Scaling down because of idle timeout
AssetImportWorker is now disconnected from the server
Process exiting
Exiting without the bug reporter. Application will terminate with return code 0