Using pre-set license
Built from '6000.0/staging' branch; Version is '6000.0.37f1 (090b7797214c) revision 592759'; Using compiler version '193933523'; Build Type 'Release'
OS: 'Windows 11  (10.0.22631) 64bit Professional' Language: 'es' Physical Memory: 16068 MB
BatchMode: 1, IsHumanControllingUs: 0, StartBugReporterOnCrash: 0, Is64bit: 1, IsPro: 1

COMMAND LINE ARGUMENTS:
C:\Program Files\Unity\Hub\Editor\6000.0.37f1\Editor\Unity.exe
-adb2
-batchMode
-noUpm
-name
AssetImportWorker8
-projectPath
C:/Users/Dell/Desktop/TheAsylumTFG/TheAsylum
-logFile
Logs/AssetImportWorker8.log
-srvPort
49994
-job-worker-count
5
-background-job-worker-count
8
-gc-helper-count
1
Successfully changed project path to: C:/Users/Dell/Desktop/TheAsylumTFG/TheAsylum
C:/Users/Dell/Desktop/TheAsylumTFG/TheAsylum
[UnityMemory] Configuration Parameters - Can be set up in boot.config
    "memorysetup-bucket-allocator-granularity=16"
    "memorysetup-bucket-allocator-bucket-count=8"
    "memorysetup-bucket-allocator-block-size=33554432"
    "memorysetup-bucket-allocator-block-count=8"
    "memorysetup-main-allocator-block-size=16777216"
    "memorysetup-thread-allocator-block-size=16777216"
    "memorysetup-gfx-main-allocator-block-size=16777216"
    "memorysetup-gfx-thread-allocator-block-size=16777216"
    "memorysetup-cache-allocator-block-size=4194304"
    "memorysetup-typetree-allocator-block-size=2097152"
    "memorysetup-profiler-bucket-allocator-granularity=16"
    "memorysetup-profiler-bucket-allocator-bucket-count=8"
    "memorysetup-profiler-bucket-allocator-block-size=33554432"
    "memorysetup-profiler-bucket-allocator-block-count=8"
    "memorysetup-profiler-allocator-block-size=16777216"
    "memorysetup-profiler-editor-allocator-block-size=1048576"
    "memorysetup-temp-allocator-size-main=16777216"
    "memorysetup-job-temp-allocator-block-size=2097152"
    "memorysetup-job-temp-allocator-block-size-background=1048576"
    "memorysetup-job-temp-allocator-reduction-small-platforms=262144"
    "memorysetup-allocator-temp-initial-block-size-main=262144"
    "memorysetup-allocator-temp-initial-block-size-worker=262144"
    "memorysetup-temp-allocator-size-background-worker=32768"
    "memorysetup-temp-allocator-size-job-worker=262144"
    "memorysetup-temp-allocator-size-preload-manager=33554432"
    "memorysetup-temp-allocator-size-nav-mesh-worker=65536"
    "memorysetup-temp-allocator-size-audio-worker=65536"
    "memorysetup-temp-allocator-size-cloud-worker=32768"
    "memorysetup-temp-allocator-size-gi-baking-worker=262144"
    "memorysetup-temp-allocator-size-gi-baking-worker=262144"
    "memorysetup-temp-allocator-size-gi-baking-worker=262144"
    "memorysetup-temp-allocator-size-gi-baking-worker=262144"
    "memorysetup-temp-allocator-size-gi-baking-worker=262144"
    "memorysetup-temp-allocator-size-gfx=262144"
Player connection [19452]  Target information:

Player connection [19452]  * "[IP] 192.168.50.1 [Port] 0 [Flags] 2 [Guid] 3732588788 [EditorId] 3732588788 [Version] 1048832 [Id] WindowsEditor(7,DESKTOP-A6DDLDV) [Debug] 1 [PackageName] WindowsEditor [ProjectName] Editor" 

Player connection [19452]  * "[IP] 192.168.134.1 [Port] 0 [Flags] 2 [Guid] 3732588788 [EditorId] 3732588788 [Version] 1048832 [Id] WindowsEditor(7,DESKTOP-A6DDLDV) [Debug] 1 [PackageName] WindowsEditor [ProjectName] Editor" 

Player connection [19452]  * "[IP] 192.168.1.66 [Port] 0 [Flags] 2 [Guid] 3732588788 [EditorId] 3732588788 [Version] 1048832 [Id] WindowsEditor(7,DESKTOP-A6DDLDV) [Debug] 1 [PackageName] WindowsEditor [ProjectName] Editor" 

Player connection [19452] Host joined multi-casting on [225.0.0.222:54997]...
Player connection [19452] Host joined alternative multi-casting on [225.0.0.222:34997]...
JobSystem: Creating JobQueue using job-worker-count value 5
Input System module state changed to: Initialized.
[Physics::Module] Initialized fallback backend.
[Physics::Module] Id: 0xdecafbad
Library Redirect Path: Library/
[Physics::Module] Selected backend.
[Physics::Module] Name: PhysX
[Physics::Module] Id: 0xf2b8ea05
[Physics::Module] SDK Version: 4.1.2
[Physics::Module] Integration Version: 1.0.0
[Physics::Module] Threading Mode: Multi-Threaded
Refreshing native plugins compatible for Editor in 10.75 ms, found 6 plugins.
Preloading 0 native plugins for Editor in 0.00 ms.
Initialize engine version: 6000.0.37f1 (090b7797214c)
[Subsystems] Discovering subsystems at path C:/Program Files/Unity/Hub/Editor/6000.0.37f1/Editor/Data/Resources/UnitySubsystems
[Subsystems] Discovering subsystems at path C:/Users/Dell/Desktop/TheAsylumTFG/TheAsylum/Assets
GfxDevice: creating device client; kGfxThreadingModeNonThreaded
Direct3D:
    Version:  Direct3D 11.0 [level 11.1]
    Renderer: Intel(R) UHD Graphics (ID=0xa721)
    Vendor:   Intel
    VRAM:     8034 MB
    Driver:   31.0.101.5382
Initialize mono
Mono path[0] = 'C:/Program Files/Unity/Hub/Editor/6000.0.37f1/Editor/Data/Managed'
Mono path[1] = 'C:/Program Files/Unity/Hub/Editor/6000.0.37f1/Editor/Data/MonoBleedingEdge/lib/mono/unityjit-win32'
Mono config path = 'C:/Program Files/Unity/Hub/Editor/6000.0.37f1/Editor/Data/MonoBleedingEdge/etc'
Using monoOptions --debugger-agent=transport=dt_socket,embedding=1,server=y,suspend=n,address=127.0.0.1:56612
Begin MonoManager ReloadAssembly
Registering precompiled unity dll's ...
Register platform support module: C:/Program Files/Unity/Hub/Editor/6000.0.37f1/Editor/Data/PlaybackEngines/WindowsStandaloneSupport/UnityEditor.WindowsStandalone.Extensions.dll
Registered in 0.002110 seconds.
- Loaded All Assemblies, in  0.521 seconds
Native extension for WindowsStandalone target not found
Mono: successfully reloaded assembly
- Finished resetting the current domain, in  0.346 seconds
Domain Reload Profiling: 865ms
	BeginReloadAssembly (267ms)
		ExecutionOrderSort (0ms)
		DisableScriptedObjects (0ms)
		BackupInstance (0ms)
		ReleaseScriptingObjects (0ms)
		CreateAndSetChildDomain (1ms)
	RebuildCommonClasses (53ms)
	RebuildNativeTypeToScriptingClass (11ms)
	initialDomainReloadingComplete (52ms)
	LoadAllAssembliesAndSetupDomain (135ms)
		LoadAssemblies (256ms)
		RebuildTransferFunctionScriptingTraits (0ms)
		AnalyzeDomain (133ms)
			TypeCache.Refresh (131ms)
				TypeCache.ScanAssembly (120ms)
			BuildScriptInfoCaches (0ms)
			ResolveRequiredComponents (1ms)
	FinalizeReload (346ms)
		ReleaseScriptCaches (0ms)
		RebuildScriptCaches (0ms)
		SetupLoadedEditorAssemblies (300ms)
			LogAssemblyErrors (0ms)
			InitializePlatformSupportModulesInManaged (28ms)
			SetLoadedEditorAssemblies (5ms)
			BeforeProcessingInitializeOnLoad (59ms)
			ProcessInitializeOnLoadAttributes (162ms)
			ProcessInitializeOnLoadMethodAttributes (46ms)
			AfterProcessingInitializeOnLoad (0ms)
			EditorAssembliesLoaded (0ms)
		ExecutionOrderSort2 (0ms)
		AwakeInstancesAfterBackupRestoration (0ms)
========================================================================
Worker process is ready to serve import requests
Import Worker Mode flag is 0x00
Begin MonoManager ReloadAssembly
Symbol file LoadedFromMemory is not a mono symbol file
- Loaded All Assemblies, in  1.018 seconds
Refreshing native plugins compatible for Editor in 3.13 ms, found 6 plugins.
Native extension for WindowsStandalone target not found
Mono: successfully reloaded assembly
- Finished resetting the current domain, in  1.099 seconds
Domain Reload Profiling: 2115ms
	BeginReloadAssembly (168ms)
		ExecutionOrderSort (0ms)
		DisableScriptedObjects (6ms)
		BackupInstance (0ms)
		ReleaseScriptingObjects (0ms)
		CreateAndSetChildDomain (27ms)
	RebuildCommonClasses (34ms)
	RebuildNativeTypeToScriptingClass (11ms)
	initialDomainReloadingComplete (39ms)
	LoadAllAssembliesAndSetupDomain (762ms)
		LoadAssemblies (478ms)
		RebuildTransferFunctionScriptingTraits (0ms)
		AnalyzeDomain (380ms)
			TypeCache.Refresh (284ms)
				TypeCache.ScanAssembly (261ms)
			BuildScriptInfoCaches (75ms)
			ResolveRequiredComponents (18ms)
	FinalizeReload (1100ms)
		ReleaseScriptCaches (0ms)
		RebuildScriptCaches (0ms)
		SetupLoadedEditorAssemblies (854ms)
			LogAssemblyErrors (0ms)
			InitializePlatformSupportModulesInManaged (3ms)
			SetLoadedEditorAssemblies (6ms)
			BeforeProcessingInitializeOnLoad (143ms)
			ProcessInitializeOnLoadAttributes (601ms)
			ProcessInitializeOnLoadMethodAttributes (96ms)
			AfterProcessingInitializeOnLoad (4ms)
			EditorAssembliesLoaded (0ms)
		ExecutionOrderSort2 (0ms)
		AwakeInstancesAfterBackupRestoration (7ms)
Launched and connected shader compiler UnityShaderCompiler.exe after 0.02 seconds
Refreshing native plugins compatible for Editor in 3.45 ms, found 6 plugins.
Preloading 0 native plugins for Editor in 0.00 ms.
Unloading 236 Unused Serialized files (Serialized files now loaded: 0)
Unloading 7229 unused Assets / (4.2 MB). Loaded Objects now: 7944.
Memory consumption went from 179.8 MB to 175.6 MB.
Total: 12.867300 ms (FindLiveObjects: 0.883300 ms CreateObjectMapping: 0.635400 ms MarkObjects: 8.661900 ms  DeleteObjects: 2.684800 ms)

========================================================================
Received Import Request.
  Time since last request: 3754.361188 seconds.
  path: Assets/Survival Tools/Meshes/tape.fbx
  artifactKey: Guid(e2cb5de584611274ca2928dc4c9872c8) Importer(815301076,1909f56bfc062723c751e8b465ee728b)
Start importing Assets/Survival Tools/Meshes/tape.fbx using Guid(e2cb5de584611274ca2928dc4c9872c8) Importer(815301076,1909f56bfc062723c751e8b465ee728b) (PreviewImporter) -> (artifact id: '44b3fafbdfa221874786fcfcf007f87d') in 0.7228576 seconds
Number of updated asset objects reloaded before import = 0Number of asset objects unloaded after import = 10

========================================================================
Received Import Request.
  Time since last request: 149.984520 seconds.
  path: Assets/Abandoned_Asylum/Textures/MedRack_MetallicSmoothness.png
  artifactKey: Guid(b7ed059958daca341aef7a439749bd25) Importer(815301076,1909f56bfc062723c751e8b465ee728b)
Start importing Assets/Abandoned_Asylum/Textures/MedRack_MetallicSmoothness.png using Guid(b7ed059958daca341aef7a439749bd25) Importer(815301076,1909f56bfc062723c751e8b465ee728b) (PreviewImporter) -> (artifact id: '7c99ba67383e0ed1186bce0985ec7127') in 0.0934926 seconds
Number of updated asset objects reloaded before import = 0Number of asset objects unloaded after import = 2

========================================================================
Received Import Request.
  Time since last request: 0.000049 seconds.
  path: Assets/Abandoned_Asylum/Textures/SheetRackCase_MetallicSmoothness.png
  artifactKey: Guid(db0e6254694fc9049a481f4ebe6cc566) Importer(815301076,1909f56bfc062723c751e8b465ee728b)
Start importing Assets/Abandoned_Asylum/Textures/SheetRackCase_MetallicSmoothness.png using Guid(db0e6254694fc9049a481f4ebe6cc566) Importer(815301076,1909f56bfc062723c751e8b465ee728b) (PreviewImporter) -> (artifact id: '3b23a6b2dbd7b7e35cbb70d41d49d093') in 0.0208878 seconds
Number of updated asset objects reloaded before import = 0Number of asset objects unloaded after import = 2

========================================================================
Received Import Request.
  Time since last request: 0.000041 seconds.
  path: Assets/Abandoned_Asylum/Textures/MedRackDoor_L_MetallicSmoothness.png
  artifactKey: Guid(32bd5bf40f24c9a48a69f8b2131c1f0e) Importer(815301076,1909f56bfc062723c751e8b465ee728b)
Start importing Assets/Abandoned_Asylum/Textures/MedRackDoor_L_MetallicSmoothness.png using Guid(32bd5bf40f24c9a48a69f8b2131c1f0e) Importer(815301076,1909f56bfc062723c751e8b465ee728b) (PreviewImporter) -> (artifact id: 'c14867ae9646b44ab902f3eccd8d9c20') in 0.0136014 seconds
Number of updated asset objects reloaded before import = 0Number of asset objects unloaded after import = 2

========================================================================
Received Import Request.
  Time since last request: 0.000049 seconds.
  path: Assets/Abandoned_Asylum/Textures/MedRackDoor_R_Albedo.png
  artifactKey: Guid(9589068aab5c61d4c98715c4de8f78a9) Importer(815301076,1909f56bfc062723c751e8b465ee728b)
Start importing Assets/Abandoned_Asylum/Textures/MedRackDoor_R_Albedo.png using Guid(9589068aab5c61d4c98715c4de8f78a9) Importer(815301076,1909f56bfc062723c751e8b465ee728b) (PreviewImporter) -> (artifact id: '9969a40fe3058b1d28d680b750add24b') in 0.0196697 seconds
Number of updated asset objects reloaded before import = 0Number of asset objects unloaded after import = 2

========================================================================
Received Import Request.
  Time since last request: 0.000037 seconds.
  path: Assets/Characters/Character1/textures/Remy_Body_Opacity.png
  artifactKey: Guid(a37f8b1fdfc299a45b79693a0074414c) Importer(815301076,1909f56bfc062723c751e8b465ee728b)
Start importing Assets/Characters/Character1/textures/Remy_Body_Opacity.png using Guid(a37f8b1fdfc299a45b79693a0074414c) Importer(815301076,1909f56bfc062723c751e8b465ee728b) (PreviewImporter) -> (artifact id: 'ac38dcb5428dc2cc954ef2f7fe96bc9c') in 0.0203504 seconds
Number of updated asset objects reloaded before import = 0Number of asset objects unloaded after import = 2

========================================================================
Received Import Request.
  Time since last request: 0.000087 seconds.
  path: Assets/Abandoned_Asylum/Textures/SofaChair_Normal.png
  artifactKey: Guid(17ee7bdf74dc60e4fbf8599262a5c432) Importer(815301076,1909f56bfc062723c751e8b465ee728b)
Start importing Assets/Abandoned_Asylum/Textures/SofaChair_Normal.png using Guid(17ee7bdf74dc60e4fbf8599262a5c432) Importer(815301076,1909f56bfc062723c751e8b465ee728b) (PreviewImporter) -> (artifact id: '3a459674126c21ba79665f19b281f337') in 0.0879851 seconds
Number of updated asset objects reloaded before import = 0Number of asset objects unloaded after import = 2

========================================================================
Received Import Request.
  Time since last request: 0.000162 seconds.
  path: Assets/Abandoned_Asylum/Textures/MedRackDoor_R_Normal.png
  artifactKey: Guid(4271c394603e6fd4aa0ec9c6bd08c54c) Importer(815301076,1909f56bfc062723c751e8b465ee728b)
Start importing Assets/Abandoned_Asylum/Textures/MedRackDoor_R_Normal.png using Guid(4271c394603e6fd4aa0ec9c6bd08c54c) Importer(815301076,1909f56bfc062723c751e8b465ee728b) (PreviewImporter) -> (artifact id: '69904307e348c729fafa9af8b2758523') in 0.0156398 seconds
Number of updated asset objects reloaded before import = 0Number of asset objects unloaded after import = 2

========================================================================
Received Import Request.
  Time since last request: 0.000036 seconds.
  path: Assets/Abandoned_Asylum/Textures/SofaChair_MetallicSmoothness.png
  artifactKey: Guid(2c1787dd76211f549bbc72e67f7ac4b6) Importer(815301076,1909f56bfc062723c751e8b465ee728b)
Start importing Assets/Abandoned_Asylum/Textures/SofaChair_MetallicSmoothness.png using Guid(2c1787dd76211f549bbc72e67f7ac4b6) Importer(815301076,1909f56bfc062723c751e8b465ee728b) (PreviewImporter) -> (artifact id: '6539938c90d54e44fd8ea31db35925a7') in 0.055387 seconds
Number of updated asset objects reloaded before import = 0Number of asset objects unloaded after import = 2

========================================================================
Received Import Request.
  Time since last request: 0.000029 seconds.
  path: Assets/Abandoned_Asylum/Textures/SheetRack_Albedo.png
  artifactKey: Guid(00d6b76c20f4c874a9e4c1db5b8c1570) Importer(815301076,1909f56bfc062723c751e8b465ee728b)
Start importing Assets/Abandoned_Asylum/Textures/SheetRack_Albedo.png using Guid(00d6b76c20f4c874a9e4c1db5b8c1570) Importer(815301076,1909f56bfc062723c751e8b465ee728b) (PreviewImporter) -> (artifact id: 'd0f114f7590da1bbcafc226c743dc1be') in 0.0446146 seconds
Number of updated asset objects reloaded before import = 0Number of asset objects unloaded after import = 2

========================================================================
Received Import Request.
  Time since last request: 0.000069 seconds.
  path: Assets/Abandoned_Asylum/Textures/MedRack_V2_Albedo.png
  artifactKey: Guid(8f22fd2251651ec4fbb181a420cc7682) Importer(815301076,1909f56bfc062723c751e8b465ee728b)
Start importing Assets/Abandoned_Asylum/Textures/MedRack_V2_Albedo.png using Guid(8f22fd2251651ec4fbb181a420cc7682) Importer(815301076,1909f56bfc062723c751e8b465ee728b) (PreviewImporter) -> (artifact id: 'eb2f7d0e28ee1e7fbfecc0120946aef2') in 0.0386262 seconds
Number of updated asset objects reloaded before import = 0Number of asset objects unloaded after import = 2

========================================================================
Received Import Request.
  Time since last request: 0.000074 seconds.
  path: Assets/Abandoned_Asylum/Textures/MedRack_V2_Door_MetallicSmoothness.png
  artifactKey: Guid(d215a752b4c134846a4df2e9887b4f74) Importer(815301076,1909f56bfc062723c751e8b465ee728b)
Start importing Assets/Abandoned_Asylum/Textures/MedRack_V2_Door_MetallicSmoothness.png using Guid(d215a752b4c134846a4df2e9887b4f74) Importer(815301076,1909f56bfc062723c751e8b465ee728b) (PreviewImporter) -> (artifact id: '51a36e38341693a3f924188087ba0bad') in 0.0191498 seconds
Number of updated asset objects reloaded before import = 0Number of asset objects unloaded after import = 2

========================================================================
Received Import Request.
  Time since last request: 0.000045 seconds.
  path: Assets/Abandoned_Asylum/Textures/MedRack_V2_MetallicSmoothness.png
  artifactKey: Guid(699e0d580a4e94d45bdd5f645266e66d) Importer(815301076,1909f56bfc062723c751e8b465ee728b)
Start importing Assets/Abandoned_Asylum/Textures/MedRack_V2_MetallicSmoothness.png using Guid(699e0d580a4e94d45bdd5f645266e66d) Importer(815301076,1909f56bfc062723c751e8b465ee728b) (PreviewImporter) -> (artifact id: '5bd2f15648a6b82372a2a722f44b08ef') in 0.0554669 seconds
Number of updated asset objects reloaded before import = 0Number of asset objects unloaded after import = 2

========================================================================
Received Import Request.
  Time since last request: 0.000049 seconds.
  path: Assets/Abandoned_Asylum/Textures/SofaChair_Albedo.png
  artifactKey: Guid(0530b24fafbc8624fb57392dbe972629) Importer(815301076,1909f56bfc062723c751e8b465ee728b)
Start importing Assets/Abandoned_Asylum/Textures/SofaChair_Albedo.png using Guid(0530b24fafbc8624fb57392dbe972629) Importer(815301076,1909f56bfc062723c751e8b465ee728b) (PreviewImporter) -> (artifact id: 'c872a996df1eff08a1a2e36f7fb1be40') in 0.0455298 seconds
Number of updated asset objects reloaded before import = 0Number of asset objects unloaded after import = 2

Editor requested this worker to shutdown with reason: Scaling down because of idle timeout
AssetImportWorker is now disconnected from the server
Process exiting
Exiting without the bug reporter. Application will terminate with return code 0