Using pre-set license
Built from '6000.0/staging' branch; Version is '6000.0.37f1 (090b7797214c) revision 592759'; Using compiler version '193933523'; Build Type 'Release'
OS: 'Windows 10  (10.0.19045) 64bit Core' Language: 'es' Physical Memory: 15732 MB
BatchMode: 1, IsHumanControllingUs: 0, StartBugReporterOnCrash: 0, Is64bit: 1, IsPro: 1

COMMAND LINE ARGUMENTS:
C:\Program Files\Unity\Hub\Editor\6000.0.37f1\Editor\Unity.exe
-adb2
-batchMode
-noUpm
-name
AssetImportWorker2
-projectPath
C:/Users/victo/Desktop/UnityProjects/TheAsylum
-logFile
Logs/AssetImportWorker2.log
-srvPort
57015
-job-worker-count
7
-background-job-worker-count
8
-gc-helper-count
1
Successfully changed project path to: C:/Users/victo/Desktop/UnityProjects/TheAsylum
C:/Users/victo/Desktop/UnityProjects/TheAsylum
[UnityMemory] Configuration Parameters - Can be set up in boot.config
    "memorysetup-bucket-allocator-granularity=16"
    "memorysetup-bucket-allocator-bucket-count=8"
    "memorysetup-bucket-allocator-block-size=33554432"
    "memorysetup-bucket-allocator-block-count=8"
    "memorysetup-main-allocator-block-size=16777216"
    "memorysetup-thread-allocator-block-size=16777216"
    "memorysetup-gfx-main-allocator-block-size=16777216"
    "memorysetup-gfx-thread-allocator-block-size=16777216"
    "memorysetup-cache-allocator-block-size=4194304"
    "memorysetup-typetree-allocator-block-size=2097152"
    "memorysetup-profiler-bucket-allocator-granularity=16"
    "memorysetup-profiler-bucket-allocator-bucket-count=8"
    "memorysetup-profiler-bucket-allocator-block-size=33554432"
    "memorysetup-profiler-bucket-allocator-block-count=8"
    "memorysetup-profiler-allocator-block-size=16777216"
    "memorysetup-profiler-editor-allocator-block-size=1048576"
    "memorysetup-temp-allocator-size-main=16777216"
    "memorysetup-job-temp-allocator-block-size=2097152"
    "memorysetup-job-temp-allocator-block-size-background=1048576"
    "memorysetup-job-temp-allocator-reduction-small-platforms=262144"
    "memorysetup-allocator-temp-initial-block-size-main=262144"
    "memorysetup-allocator-temp-initial-block-size-worker=262144"
    "memorysetup-temp-allocator-size-background-worker=32768"
    "memorysetup-temp-allocator-size-job-worker=262144"
    "memorysetup-temp-allocator-size-preload-manager=33554432"
    "memorysetup-temp-allocator-size-nav-mesh-worker=65536"
    "memorysetup-temp-allocator-size-audio-worker=65536"
    "memorysetup-temp-allocator-size-cloud-worker=32768"
    "memorysetup-temp-allocator-size-gi-baking-worker=262144"
    "memorysetup-temp-allocator-size-gi-baking-worker=262144"
    "memorysetup-temp-allocator-size-gi-baking-worker=262144"
    "memorysetup-temp-allocator-size-gi-baking-worker=262144"
    "memorysetup-temp-allocator-size-gi-baking-worker=262144"
    "memorysetup-temp-allocator-size-gfx=262144"
Player connection [23304]  Target information:

Player connection [23304]  * "[IP] 192.168.1.56 [Port] 0 [Flags] 2 [Guid] 1304175060 [EditorId] 1304175060 [Version] 1048832 [Id] WindowsEditor(7,LAPTOP-HM5MDEKC) [Debug] 1 [PackageName] WindowsEditor [ProjectName] Editor" 

Player connection [23304]  * "[IP] 192.168.56.1 [Port] 0 [Flags] 2 [Guid] 1304175060 [EditorId] 1304175060 [Version] 1048832 [Id] WindowsEditor(7,LAPTOP-HM5MDEKC) [Debug] 1 [PackageName] WindowsEditor [ProjectName] Editor" 

Player connection [23304] Host joined multi-casting on [225.0.0.222:54997]...
Player connection [23304] Host joined alternative multi-casting on [225.0.0.222:34997]...
JobSystem: Creating JobQueue using job-worker-count value 7
Input System module state changed to: Initialized.
[Physics::Module] Initialized fallback backend.
[Physics::Module] Id: 0xdecafbad
Library Redirect Path: Library/
[Physics::Module] Selected backend.
[Physics::Module] Name: PhysX
[Physics::Module] Id: 0xf2b8ea05
[Physics::Module] SDK Version: 4.1.2
[Physics::Module] Integration Version: 1.0.0
[Physics::Module] Threading Mode: Multi-Threaded
Refreshing native plugins compatible for Editor in 8.39 ms, found 6 plugins.
Preloading 0 native plugins for Editor in 0.00 ms.
Initialize engine version: 6000.0.37f1 (090b7797214c)
[Subsystems] Discovering subsystems at path C:/Program Files/Unity/Hub/Editor/6000.0.37f1/Editor/Data/Resources/UnitySubsystems
[Subsystems] Discovering subsystems at path C:/Users/victo/Desktop/UnityProjects/TheAsylum/Assets
GfxDevice: creating device client; kGfxThreadingModeNonThreaded
Direct3D:
    Version:  Direct3D 11.0 [level 11.1]
    Renderer: NVIDIA GeForce RTX 3060 Laptop GPU (ID=0x2520)
    Vendor:   NVIDIA
    VRAM:     5996 MB
    Driver:   32.0.15.6119
Initialize mono
Mono path[0] = 'C:/Program Files/Unity/Hub/Editor/6000.0.37f1/Editor/Data/Managed'
Mono path[1] = 'C:/Program Files/Unity/Hub/Editor/6000.0.37f1/Editor/Data/MonoBleedingEdge/lib/mono/unityjit-win32'
Mono config path = 'C:/Program Files/Unity/Hub/Editor/6000.0.37f1/Editor/Data/MonoBleedingEdge/etc'
Using monoOptions --debugger-agent=transport=dt_socket,embedding=1,server=y,suspend=n,address=127.0.0.1:56460
Begin MonoManager ReloadAssembly
Registering precompiled unity dll's ...
Register platform support module: C:/Program Files/Unity/Hub/Editor/6000.0.37f1/Editor/Data/PlaybackEngines/WebGLSupport/UnityEditor.WebGL.Extensions.dll
Register platform support module: C:/Program Files/Unity/Hub/Editor/6000.0.37f1/Editor/Data/PlaybackEngines/WindowsStandaloneSupport/UnityEditor.WindowsStandalone.Extensions.dll
Registered in 0.009161 seconds.
- Loaded All Assemblies, in  0.504 seconds
Native extension for WindowsStandalone target not found
Native extension for WebGL target not found
Mono: successfully reloaded assembly
- Finished resetting the current domain, in  0.316 seconds
Domain Reload Profiling: 813ms
	BeginReloadAssembly (165ms)
		ExecutionOrderSort (0ms)
		DisableScriptedObjects (0ms)
		BackupInstance (0ms)
		ReleaseScriptingObjects (0ms)
		CreateAndSetChildDomain (1ms)
	RebuildCommonClasses (43ms)
	RebuildNativeTypeToScriptingClass (11ms)
	initialDomainReloadingComplete (72ms)
	LoadAllAssembliesAndSetupDomain (205ms)
		LoadAssemblies (160ms)
		RebuildTransferFunctionScriptingTraits (0ms)
		AnalyzeDomain (200ms)
			TypeCache.Refresh (198ms)
				TypeCache.ScanAssembly (184ms)
			BuildScriptInfoCaches (0ms)
			ResolveRequiredComponents (0ms)
	FinalizeReload (316ms)
		ReleaseScriptCaches (0ms)
		RebuildScriptCaches (0ms)
		SetupLoadedEditorAssemblies (265ms)
			LogAssemblyErrors (0ms)
			InitializePlatformSupportModulesInManaged (27ms)
			SetLoadedEditorAssemblies (4ms)
			BeforeProcessingInitializeOnLoad (49ms)
			ProcessInitializeOnLoadAttributes (135ms)
			ProcessInitializeOnLoadMethodAttributes (49ms)
			AfterProcessingInitializeOnLoad (0ms)
			EditorAssembliesLoaded (0ms)
		ExecutionOrderSort2 (0ms)
		AwakeInstancesAfterBackupRestoration (0ms)
========================================================================
Worker process is ready to serve import requests
Import Worker Mode flag is 0x00
Begin MonoManager ReloadAssembly
Symbol file LoadedFromMemory is not a mono symbol file
- Loaded All Assemblies, in  1.091 seconds
Refreshing native plugins compatible for Editor in 6.01 ms, found 6 plugins.
Native extension for WindowsStandalone target not found
Native extension for WebGL target not found
Mono: successfully reloaded assembly
- Finished resetting the current domain, in  0.939 seconds
Domain Reload Profiling: 2017ms
	BeginReloadAssembly (184ms)
		ExecutionOrderSort (0ms)
		DisableScriptedObjects (6ms)
		BackupInstance (0ms)
		ReleaseScriptingObjects (0ms)
		CreateAndSetChildDomain (30ms)
	RebuildCommonClasses (34ms)
	RebuildNativeTypeToScriptingClass (11ms)
	initialDomainReloadingComplete (54ms)
	LoadAllAssembliesAndSetupDomain (795ms)
		LoadAssemblies (625ms)
		RebuildTransferFunctionScriptingTraits (0ms)
		AnalyzeDomain (282ms)
			TypeCache.Refresh (211ms)
				TypeCache.ScanAssembly (193ms)
			BuildScriptInfoCaches (56ms)
			ResolveRequiredComponents (12ms)
	FinalizeReload (940ms)
		ReleaseScriptCaches (0ms)
		RebuildScriptCaches (0ms)
		SetupLoadedEditorAssemblies (749ms)
			LogAssemblyErrors (0ms)
			InitializePlatformSupportModulesInManaged (3ms)
			SetLoadedEditorAssemblies (5ms)
			BeforeProcessingInitializeOnLoad (139ms)
			ProcessInitializeOnLoadAttributes (486ms)
			ProcessInitializeOnLoadMethodAttributes (103ms)
			AfterProcessingInitializeOnLoad (12ms)
			EditorAssembliesLoaded (0ms)
		ExecutionOrderSort2 (0ms)
		AwakeInstancesAfterBackupRestoration (5ms)
Launched and connected shader compiler UnityShaderCompiler.exe after 0.01 seconds
Refreshing native plugins compatible for Editor in 6.69 ms, found 6 plugins.
Preloading 0 native plugins for Editor in 0.00 ms.
Unloading 236 Unused Serialized files (Serialized files now loaded: 0)
Unloading 7264 unused Assets / (7.8 MB). Loaded Objects now: 7933.
Memory consumption went from 180.6 MB to 172.8 MB.
Total: 10.855900 ms (FindLiveObjects: 0.721600 ms CreateObjectMapping: 0.863800 ms MarkObjects: 5.310300 ms  DeleteObjects: 3.959500 ms)

========================================================================
Received Import Request.
  Time since last request: 18807.029634 seconds.
  path: Assets/Characters/Character2/Chad.fbx
  artifactKey: Guid(e5e06bef5a401794e8a4bcf7a54ca8a2) Importer(815301076,1909f56bfc062723c751e8b465ee728b)
Start importing Assets/Characters/Character2/Chad.fbx using Guid(e5e06bef5a401794e8a4bcf7a54ca8a2) Importer(815301076,1909f56bfc062723c751e8b465ee728b) (PreviewImporter) -> (artifact id: 'ddc119ba35333e0af23ef630a1090c3d') in 0.6035508 seconds
Number of updated asset objects reloaded before import = 0Number of asset objects unloaded after import = 168

========================================================================
Received Import Request.
  Time since last request: 32.680728 seconds.
  path: Assets/Characters/Character2/Chad.fbx
  artifactKey: Guid(e5e06bef5a401794e8a4bcf7a54ca8a2) Importer(815301076,1909f56bfc062723c751e8b465ee728b)
Start importing Assets/Characters/Character2/Chad.fbx using Guid(e5e06bef5a401794e8a4bcf7a54ca8a2) Importer(815301076,1909f56bfc062723c751e8b465ee728b) (PreviewImporter) -> (artifact id: '8f3c2c34a8111d6c73f36f9c13ab405a') in 0.1019713 seconds
Number of updated asset objects reloaded before import = 0Number of asset objects unloaded after import = 168

========================================================================
Received Import Request.
  Time since last request: 146.282796 seconds.
  path: Assets/Characters/Character2/textures
  artifactKey: Guid(448c357d2c30a584c936105561f99cb5) Importer(815301076,1909f56bfc062723c751e8b465ee728b)
Start importing Assets/Characters/Character2/textures using Guid(448c357d2c30a584c936105561f99cb5) Importer(815301076,1909f56bfc062723c751e8b465ee728b) (PreviewImporter) -> (artifact id: 'a51060e15f6857d4847daadd187b8fba') in 0.0007896 seconds
Number of updated asset objects reloaded before import = 0Number of asset objects unloaded after import = 0

========================================================================
Received Import Request.
  Time since last request: 0.019294 seconds.
  path: Assets/Characters/Character2/textures/Remy_Body_Diffuse.png
  artifactKey: Guid(1305ca2bb51d1fd478f408f76ea02cb3) Importer(815301076,1909f56bfc062723c751e8b465ee728b)
Start importing Assets/Characters/Character2/textures/Remy_Body_Diffuse.png using Guid(1305ca2bb51d1fd478f408f76ea02cb3) Importer(815301076,1909f56bfc062723c751e8b465ee728b) (PreviewImporter) -> (artifact id: '0bc962338b0fd204366451f1c68c2c79') in 0.0354711 seconds
Number of updated asset objects reloaded before import = 0Number of asset objects unloaded after import = 2

========================================================================
Received Import Request.
  Time since last request: 0.000021 seconds.
  path: Assets/Characters/Character2/textures/Remy_Hair_Opacity.png
  artifactKey: Guid(436e728d09105d045b67a3edd6de483f) Importer(815301076,1909f56bfc062723c751e8b465ee728b)
Start importing Assets/Characters/Character2/textures/Remy_Hair_Opacity.png using Guid(436e728d09105d045b67a3edd6de483f) Importer(815301076,1909f56bfc062723c751e8b465ee728b) (PreviewImporter) -> (artifact id: 'f192cbc4b1e9a13c49d1f4dcffbb3e0c') in 0.0184361 seconds
Number of updated asset objects reloaded before import = 0Number of asset objects unloaded after import = 2

========================================================================
Received Import Request.
  Time since last request: 0.000028 seconds.
  path: Assets/Characters/Character2/textures/Remy_Hair_Normal.png
  artifactKey: Guid(daf6ff88c163bde419ff3b4182403519) Importer(815301076,1909f56bfc062723c751e8b465ee728b)
Start importing Assets/Characters/Character2/textures/Remy_Hair_Normal.png using Guid(daf6ff88c163bde419ff3b4182403519) Importer(815301076,1909f56bfc062723c751e8b465ee728b) (PreviewImporter) -> (artifact id: '91f5f66298d1c482f429096bb5aee1c8') in 0.0198411 seconds
Number of updated asset objects reloaded before import = 0Number of asset objects unloaded after import = 2

========================================================================
Received Import Request.
  Time since last request: 0.000034 seconds.
  path: Assets/Characters/Character2/textures/Remy_Bottom_Gloss.png
  artifactKey: Guid(56e0367fa5565b04fb45615238e71453) Importer(815301076,1909f56bfc062723c751e8b465ee728b)
Start importing Assets/Characters/Character2/textures/Remy_Bottom_Gloss.png using Guid(56e0367fa5565b04fb45615238e71453) Importer(815301076,1909f56bfc062723c751e8b465ee728b) (PreviewImporter) -> (artifact id: 'd82ecb83ca5e7c17132f51978f8cab93') in 0.0157317 seconds
Number of updated asset objects reloaded before import = 0Number of asset objects unloaded after import = 2

========================================================================
Received Import Request.
  Time since last request: 0.000022 seconds.
  path: Assets/Characters/Character2/textures/Remy_Top_Normal.png
  artifactKey: Guid(2e64e9c0e200bba4999b18a972749ba8) Importer(815301076,1909f56bfc062723c751e8b465ee728b)
Start importing Assets/Characters/Character2/textures/Remy_Top_Normal.png using Guid(2e64e9c0e200bba4999b18a972749ba8) Importer(815301076,1909f56bfc062723c751e8b465ee728b) (PreviewImporter) -> (artifact id: '50f51aa8958c1a577c263dcc374b9b47') in 0.0179195 seconds
Number of updated asset objects reloaded before import = 0Number of asset objects unloaded after import = 2

========================================================================
Received Import Request.
  Time since last request: 0.000019 seconds.
  path: Assets/Characters/Character2/textures/Remy_Body_Specular.png
  artifactKey: Guid(732820a6e3cee75488de79159a6c0a8b) Importer(815301076,1909f56bfc062723c751e8b465ee728b)
Start importing Assets/Characters/Character2/textures/Remy_Body_Specular.png using Guid(732820a6e3cee75488de79159a6c0a8b) Importer(815301076,1909f56bfc062723c751e8b465ee728b) (PreviewImporter) -> (artifact id: '9d1cdd6cd4173c14f214ec225a18d315') in 0.0162403 seconds
Number of updated asset objects reloaded before import = 0Number of asset objects unloaded after import = 2

========================================================================
Received Import Request.
  Time since last request: 0.000020 seconds.
  path: Assets/Characters/Character2/textures/Remy_Shoes_Diffuse.png
  artifactKey: Guid(eb111f44a0e5df8408daf3d07637ba0a) Importer(815301076,1909f56bfc062723c751e8b465ee728b)
Start importing Assets/Characters/Character2/textures/Remy_Shoes_Diffuse.png using Guid(eb111f44a0e5df8408daf3d07637ba0a) Importer(815301076,1909f56bfc062723c751e8b465ee728b) (PreviewImporter) -> (artifact id: '91213f7b3b27d1578e545060d6584a47') in 0.0159419 seconds
Number of updated asset objects reloaded before import = 0Number of asset objects unloaded after import = 2

========================================================================
Received Import Request.
  Time since last request: 0.000027 seconds.
  path: Assets/Characters/Character2/textures/Remy_Shoes_Specular.png
  artifactKey: Guid(df63fcea83cd7c14292442d9919a1ce3) Importer(815301076,1909f56bfc062723c751e8b465ee728b)
Start importing Assets/Characters/Character2/textures/Remy_Shoes_Specular.png using Guid(df63fcea83cd7c14292442d9919a1ce3) Importer(815301076,1909f56bfc062723c751e8b465ee728b) (PreviewImporter) -> (artifact id: '1b633973217c8c0f5636f472e35a267e') in 0.0172706 seconds
Number of updated asset objects reloaded before import = 0Number of asset objects unloaded after import = 2

========================================================================
Received Import Request.
  Time since last request: 0.000030 seconds.
  path: Assets/Characters/Character2/textures/Remy_Body_Normal.png
  artifactKey: Guid(b78c2264f0b995c409eee9244ac99ee0) Importer(815301076,1909f56bfc062723c751e8b465ee728b)
Start importing Assets/Characters/Character2/textures/Remy_Body_Normal.png using Guid(b78c2264f0b995c409eee9244ac99ee0) Importer(815301076,1909f56bfc062723c751e8b465ee728b) (PreviewImporter) -> (artifact id: 'a577f32010e834eda0543b5d29b82a00') in 0.0223801 seconds
Number of updated asset objects reloaded before import = 0Number of asset objects unloaded after import = 2

========================================================================
Received Import Request.
  Time since last request: 0.000034 seconds.
  path: Assets/Characters/Character2/textures/Remy_Body_Opacity.png
  artifactKey: Guid(33bb012e26644d84d9726fa60659d7d2) Importer(815301076,1909f56bfc062723c751e8b465ee728b)
Start importing Assets/Characters/Character2/textures/Remy_Body_Opacity.png using Guid(33bb012e26644d84d9726fa60659d7d2) Importer(815301076,1909f56bfc062723c751e8b465ee728b) (PreviewImporter) -> (artifact id: '4b3c96a0847190f3f7bd75a4184560fa') in 0.0166993 seconds
Number of updated asset objects reloaded before import = 0Number of asset objects unloaded after import = 2

========================================================================
Received Import Request.
  Time since last request: 0.000020 seconds.
  path: Assets/Characters/Character2/textures/Remy_Bottom_Normal.png
  artifactKey: Guid(722bb3dee49587f409105a1cf7e5fc28) Importer(815301076,1909f56bfc062723c751e8b465ee728b)
Start importing Assets/Characters/Character2/textures/Remy_Bottom_Normal.png using Guid(722bb3dee49587f409105a1cf7e5fc28) Importer(815301076,1909f56bfc062723c751e8b465ee728b) (PreviewImporter) -> (artifact id: '9b3edd019ab36c9b588cde6dba08e13f') in 0.0175124 seconds
Number of updated asset objects reloaded before import = 0Number of asset objects unloaded after import = 2

Editor requested this worker to shutdown with reason: Scaling down because of idle timeout
AssetImportWorker is now disconnected from the server
Process exiting
Exiting without the bug reporter. Application will terminate with return code 0